==288== Memcheck, a memory error detector
==288== Copyright (C) 2002-2017, and GNU GPL'd, by Julian Seward et al.
==288== Using Valgrind-3.18.1-42b08ed5bd-20211015 and LibVEX; rerun with -h for copyright info
==288== Command: ./monty main.c
==288== Parent PID: 169
==288== 
--288-- 
--288-- Valgrind options:
--288--    --leak-check=full
--288--    -v
--288--    --track-origins=yes
--288--    --log-file=vg_logfile.out
--288-- Contents of /proc/version:
--288--   Linux version 4.4.0-19041-Microsoft (Microsoft@Microsoft.com) (gcc version 5.4.0 (GCC) ) #3636-Microsoft Thu Oct 19 17:41:00 PST 2023
--288-- 
--288-- Arch and hwcaps: AMD64, LittleEndian, amd64-cx16-lzcnt-rdtscp-sse3-ssse3-avx-avx2-bmi-f16c-rdrand-rdseed
--288-- Page sizes: currently 4096, max supported 4096
--288-- Valgrind library directory: /usr/libexec/valgrind
--288-- Reading syms from /root/monty/monty
--288-- Reading syms from /usr/lib/x86_64-linux-gnu/ld-linux-x86-64.so.2
--288--   Considering /usr/lib/debug/.build-id/61/ef896a699bb1c2e4e231642b2e1688b2f1a61e.debug ..
--288--   .. build-id is valid
--288-- Reading syms from /usr/libexec/valgrind/memcheck-amd64-linux
--288--    object doesn't have a symbol table
--288--    object doesn't have a dynamic symbol table
--288-- Scheduler: using generic scheduler lock implementation.
--288-- Reading suppressions file: /usr/libexec/valgrind/default.supp
==288== embedded gdbserver: reading from /tmp/vgdb-pipe-from-vgdb-to-288-by-root-on-???
==288== embedded gdbserver: writing to   /tmp/vgdb-pipe-to-vgdb-from-288-by-root-on-???
==288== embedded gdbserver: shared mem   /tmp/vgdb-pipe-shared-mem-vgdb-288-by-root-on-???
==288== 
==288== TO CONTROL THIS PROCESS USING vgdb (which you probably
==288== don't want to do, unless you know exactly what you're doing,
==288== or are doing some strange experiment):
==288==   /usr/bin/vgdb --pid=288 ...command...
==288== 
==288== TO DEBUG THIS PROCESS USING GDB: start GDB like this
==288==   /path/to/gdb ./monty
==288== and then give GDB the following command
==288==   target remote | /usr/bin/vgdb --pid=288
==288== --pid is optional if only one valgrind process is running
==288== 
==288== error calling PR_SET_PTRACER, vgdb might block
--288-- REDIR: 0x402aa60 (ld-linux-x86-64.so.2:strlen) redirected to 0x580bcec2 (???)
--288-- REDIR: 0x402a830 (ld-linux-x86-64.so.2:index) redirected to 0x580bcedc (???)
--288-- Reading syms from /usr/libexec/valgrind/vgpreload_core-amd64-linux.so
--288--    object doesn't have a symbol table
--288-- Reading syms from /usr/libexec/valgrind/vgpreload_memcheck-amd64-linux.so
--288--    object doesn't have a symbol table
==288== WARNING: new redirection conflicts with existing -- ignoring it
--288--     old: 0x0402aa60 (strlen              ) R-> (0000.0) 0x580bcec2 ???
--288--     new: 0x0402aa60 (strlen              ) R-> (2007.0) 0x0484ee30 strlen
--288-- REDIR: 0x4027240 (ld-linux-x86-64.so.2:strcmp) redirected to 0x484fcd0 (strcmp)
--288-- REDIR: 0x402afc0 (ld-linux-x86-64.so.2:mempcpy) redirected to 0x4853840 (mempcpy)
--288-- Reading syms from /usr/lib/x86_64-linux-gnu/libc.so.6
--288--   Considering /usr/lib/debug/.build-id/69/389d485a9793dbe873f0ea2c93e02efaa9aa3d.debug ..
--288--   .. build-id is valid
==288== WARNING: new redirection conflicts with existing -- ignoring it
--288--     old: 0x04906ce0 (memalign            ) R-> (1011.0) 0x0484e080 memalign
--288--     new: 0x04906ce0 (memalign            ) R-> (1017.0) 0x0484e050 aligned_alloc
==288== WARNING: new redirection conflicts with existing -- ignoring it
--288--     old: 0x04906ce0 (memalign            ) R-> (1011.0) 0x0484e080 memalign
--288--     new: 0x04906ce0 (memalign            ) R-> (1017.0) 0x0484e020 aligned_alloc
==288== WARNING: new redirection conflicts with existing -- ignoring it
--288--     old: 0x04906ce0 (memalign            ) R-> (1011.0) 0x0484e080 memalign
--288--     new: 0x04906ce0 (memalign            ) R-> (1017.0) 0x0484e050 aligned_alloc
==288== WARNING: new redirection conflicts with existing -- ignoring it
--288--     old: 0x04906ce0 (memalign            ) R-> (1011.0) 0x0484e080 memalign
--288--     new: 0x04906ce0 (memalign            ) R-> (1017.0) 0x0484e020 aligned_alloc
--288-- REDIR: 0x49097a0 (libc.so.6:strnlen) redirected to 0x483f220 (_vgnU_ifunc_wrapper)
--288-- REDIR: 0x4909a60 (libc.so.6:strpbrk) redirected to 0x483f220 (_vgnU_ifunc_wrapper)
--288-- REDIR: 0x4909360 (libc.so.6:strcmp) redirected to 0x483f220 (_vgnU_ifunc_wrapper)
--288-- REDIR: 0x4927d50 (libc.so.6:wcsnlen) redirected to 0x483f220 (_vgnU_ifunc_wrapper)
--288-- REDIR: 0x490a750 (libc.so.6:memset) redirected to 0x483f220 (_vgnU_ifunc_wrapper)
--288-- REDIR: 0x49265c0 (libc.so.6:wcslen) redirected to 0x483f220 (_vgnU_ifunc_wrapper)
--288-- REDIR: 0x490ac90 (libc.so.6:memcpy@@GLIBC_2.14) redirected to 0x483f220 (_vgnU_ifunc_wrapper)
--288-- REDIR: 0x49263f0 (libc.so.6:wcschr) redirected to 0x483f220 (_vgnU_ifunc_wrapper)
--288-- REDIR: 0x49092e0 (libc.so.6:index) redirected to 0x483f220 (_vgnU_ifunc_wrapper)
--288-- REDIR: 0x49099e0 (libc.so.6:rindex) redirected to 0x483f220 (_vgnU_ifunc_wrapper)
--288-- REDIR: 0x490a620 (libc.so.6:memmove) redirected to 0x483f220 (_vgnU_ifunc_wrapper)
==288== Preferring higher priority redirection:
--288--     old: 0x04a01940 (__memcpy_avx_unalign) R-> (2018.0) 0x04850f90 __memcpy_avx_unaligned_erms
--288--     new: 0x04a01940 (__memcpy_avx_unalign) R-> (2018.1) 0x04852880 memmove
--288-- REDIR: 0x4926470 (libc.so.6:wcscmp) redirected to 0x483f220 (_vgnU_ifunc_wrapper)
--288-- REDIR: 0x490aa60 (libc.so.6:stpncpy) redirected to 0x483f220 (_vgnU_ifunc_wrapper)
--288-- REDIR: 0x4926a30 (libc.so.6:wmemchr) redirected to 0x483f220 (_vgnU_ifunc_wrapper)
--288-- REDIR: 0x49098b0 (libc.so.6:strncmp) redirected to 0x483f220 (_vgnU_ifunc_wrapper)
--288-- REDIR: 0x490aaf0 (libc.so.6:strcasecmp) redirected to 0x483f220 (_vgnU_ifunc_wrapper)
--288-- REDIR: 0x49094a0 (libc.so.6:strcspn) redirected to 0x483f220 (_vgnU_ifunc_wrapper)
--288-- REDIR: 0x49264f0 (libc.so.6:wcscpy) redirected to 0x483f220 (_vgnU_ifunc_wrapper)
--288-- REDIR: 0x4909250 (libc.so.6:strcat) redirected to 0x483f220 (_vgnU_ifunc_wrapper)
--288-- REDIR: 0x490abe0 (libc.so.6:strncasecmp_l) redirected to 0x483f220 (_vgnU_ifunc_wrapper)
--288-- REDIR: 0x490a500 (libc.so.6:bcmp) redirected to 0x483f220 (_vgnU_ifunc_wrapper)
--288-- REDIR: 0x49125f0 (libc.so.6:memrchr) redirected to 0x483f220 (_vgnU_ifunc_wrapper)
--288-- REDIR: 0x490c090 (libc.so.6:strchrnul) redirected to 0x483f220 (_vgnU_ifunc_wrapper)
--288-- REDIR: 0x4909410 (libc.so.6:strcpy) redirected to 0x483f220 (_vgnU_ifunc_wrapper)
--288-- REDIR: 0x490ab90 (libc.so.6:strcasecmp_l) redirected to 0x483f220 (_vgnU_ifunc_wrapper)
--288-- REDIR: 0x4909720 (libc.so.6:strlen) redirected to 0x483f220 (_vgnU_ifunc_wrapper)
--288-- REDIR: 0x4909950 (libc.so.6:strncpy) redirected to 0x483f220 (_vgnU_ifunc_wrapper)
--288-- REDIR: 0x490a9d0 (libc.so.6:stpcpy) redirected to 0x483f220 (_vgnU_ifunc_wrapper)
--288-- REDIR: 0x490a470 (libc.so.6:memchr) redirected to 0x483f220 (_vgnU_ifunc_wrapper)
--288-- REDIR: 0x4909b80 (libc.so.6:strspn) redirected to 0x483f220 (_vgnU_ifunc_wrapper)
--288-- REDIR: 0x490a850 (libc.so.6:mempcpy) redirected to 0x483f220 (_vgnU_ifunc_wrapper)
--288-- REDIR: 0x490ab40 (libc.so.6:strncasecmp) redirected to 0x483f220 (_vgnU_ifunc_wrapper)
--288-- REDIR: 0x490c000 (libc.so.6:rawmemchr) redirected to 0x483f220 (_vgnU_ifunc_wrapper)
--288-- REDIR: 0x49fe790 (libc.so.6:__strrchr_avx2) redirected to 0x484e810 (rindex)
--288-- REDIR: 0x4906120 (libc.so.6:malloc) redirected to 0x4848820 (malloc)
--288-- REDIR: 0x490a040 (libc.so.6:__GI_strstr) redirected to 0x4853ae0 (__strstr_sse2)
--288-- REDIR: 0x49fa440 (libc.so.6:__memchr_avx2) redirected to 0x484fd50 (memchr)
--288-- REDIR: 0x4a01940 (libc.so.6:__memcpy_avx_unaligned_erms) redirected to 0x4852880 (memmove)
--288-- REDIR: 0x4906460 (libc.so.6:free) redirected to 0x484b210 (free)
--288-- REDIR: 0x49f9990 (libc.so.6:__strspn_sse42) redirected to 0x4853d50 (strspn)
--288-- REDIR: 0x49f9730 (libc.so.6:__strcspn_sse42) redirected to 0x4853c70 (strcspn)
--288-- REDIR: 0x49f9ac0 (libc.so.6:__strcmp_avx2) redirected to 0x484fbd0 (strcmp)
--288-- REDIR: 0x49fe580 (libc.so.6:__strchrnul_avx2) redirected to 0x4853330 (strchrnul)
--288-- REDIR: 0x4a01900 (libc.so.6:__mempcpy_avx_unaligned_erms) redirected to 0x4853440 (mempcpy)
--288-- REDIR: 0x49fe960 (libc.so.6:__strlen_avx2) redirected to 0x484ed10 (strlen)
==288== Invalid free() / delete / delete[] / realloc()
==288==    at 0x484B27F: free (in /usr/libexec/valgrind/vgpreload_memcheck-amd64-linux.so)
==288==    by 0x109621: main (in /root/monty/monty)
==288==  Address 0x4a8d420 is 0 bytes inside a block of size 120 free'd
==288==    at 0x484B27F: free (in /usr/libexec/valgrind/vgpreload_memcheck-amd64-linux.so)
==288==    by 0x109936: exec_command (in /root/monty/monty)
==288==    by 0x109615: main (in /root/monty/monty)
==288==  Block was alloc'd at
==288==    at 0x4848899: malloc (in /usr/libexec/valgrind/vgpreload_memcheck-amd64-linux.so)
==288==    by 0x48E11A2: getdelim (iogetdelim.c:62)
==288==    by 0x1095E4: main (in /root/monty/monty)
==288== 
==288== 
==288== HEAP SUMMARY:
==288==     in use at exit: 0 bytes in 0 blocks
==288==   total heap usage: 50 allocs, 91 frees, 10,328 bytes allocated
==288== 
==288== All heap blocks were freed -- no leaks are possible
==288== 
==288== ERROR SUMMARY: 41 errors from 1 contexts (suppressed: 0 from 0)
==288== 
==288== 41 errors in context 1 of 1:
==288== Invalid free() / delete / delete[] / realloc()
==288==    at 0x484B27F: free (in /usr/libexec/valgrind/vgpreload_memcheck-amd64-linux.so)
==288==    by 0x109621: main (in /root/monty/monty)
==288==  Address 0x4a8d420 is 0 bytes inside a block of size 120 free'd
==288==    at 0x484B27F: free (in /usr/libexec/valgrind/vgpreload_memcheck-amd64-linux.so)
==288==    by 0x109936: exec_command (in /root/monty/monty)
==288==    by 0x109615: main (in /root/monty/monty)
==288==  Block was alloc'd at
==288==    at 0x4848899: malloc (in /usr/libexec/valgrind/vgpreload_memcheck-amd64-linux.so)
==288==    by 0x48E11A2: getdelim (iogetdelim.c:62)
==288==    by 0x1095E4: main (in /root/monty/monty)
==288== 
==288== ERROR SUMMARY: 41 errors from 1 contexts (suppressed: 0 from 0)
